<?xml version="1.0" encoding="UTF-8"?>
<testng-results ignored="0" total="1" passed="1" failed="0" skipped="0">
  <reporter-output>
  </reporter-output>
  <suite started-at="2019-11-18T18:06:09 IST" name="Default suite" finished-at="2019-11-18T18:07:12 IST" duration-ms="62330">
    <groups>
    </groups>
    <test started-at="2019-11-18T18:06:09 IST" name="Default test" finished-at="2019-11-18T18:07:12 IST" duration-ms="62330">
      <class name="medium.RTTC_036">
        <test-method is-config="true" signature="precondition()[pri:0, instance:medium.RTTC_036@12d4bf7e]" started-at="2019-11-18T18:06:09 IST" name="precondition" finished-at="2019-11-18T18:06:32 IST" duration-ms="22205" status="PASS">
          <reporter-output>
          </reporter-output>
        </test-method> <!-- precondition -->
        <test-method signature="register()[pri:0, instance:medium.RTTC_036@12d4bf7e]" started-at="2019-11-18T18:06:32 IST" name="register" finished-at="2019-11-18T18:07:12 IST" duration-ms="40108" status="PASS">
          <reporter-output>
          </reporter-output>
        </test-method> <!-- register -->
      </class> <!-- medium.RTTC_036 -->
    </test> <!-- Default test -->
  </suite> <!-- Default suite -->
</testng-results>
